Performing C++ SOURCE FILE Test CMAKE_HAVE_LIBC_PTHREAD failed with the following output:
Change Dir: /home/trymte/Desktop/thecolavrepo/psbmpc_cxx/release/CMakeFiles/CMakeTmp

Run Build Command(s):/usr/bin/make cmTC_3691b/fast && make[1]: Entering directory '/home/trymte/Desktop/thecolavrepo/psbmpc_cxx/release/CMakeFiles/CMakeTmp'
/usr/bin/make  -f CMakeFiles/cmTC_3691b.dir/build.make CMakeFiles/cmTC_3691b.dir/build
make[2]: Entering directory '/home/trymte/Desktop/thecolavrepo/psbmpc_cxx/release/CMakeFiles/CMakeTmp'
Building CXX object CMakeFiles/cmTC_3691b.dir/src.cxx.o
/usr/bin/c++ -DCMAKE_HAVE_LIBC_PTHREAD   -o CMakeFiles/cmTC_3691b.dir/src.cxx.o -c /home/trymte/Desktop/thecolavrepo/psbmpc_cxx/release/CMakeFiles/CMakeTmp/src.cxx
Linking CXX executable cmTC_3691b
/usr/local/bin/cmake -E cmake_link_script CMakeFiles/cmTC_3691b.dir/link.txt --verbose=1
/usr/bin/c++ CMakeFiles/cmTC_3691b.dir/src.cxx.o -o cmTC_3691b 
CMakeFiles/cmTC_3691b.dir/src.cxx.o:src.cxx:function main: error: undefined reference to 'pthread_create'
CMakeFiles/cmTC_3691b.dir/src.cxx.o:src.cxx:function main: error: undefined reference to 'pthread_detach'
CMakeFiles/cmTC_3691b.dir/src.cxx.o:src.cxx:function main: error: undefined reference to 'pthread_cancel'
CMakeFiles/cmTC_3691b.dir/src.cxx.o:src.cxx:function main: error: undefined reference to 'pthread_join'
CMakeFiles/cmTC_3691b.dir/src.cxx.o:src.cxx:function main: error: undefined reference to 'pthread_atfork'
collect2: error: ld returned 1 exit status
CMakeFiles/cmTC_3691b.dir/build.make:105: recipe for target 'cmTC_3691b' failed
make[2]: *** [cmTC_3691b] Error 1
make[2]: Leaving directory '/home/trymte/Desktop/thecolavrepo/psbmpc_cxx/release/CMakeFiles/CMakeTmp'
Makefile:140: recipe for target 'cmTC_3691b/fast' failed
make[1]: *** [cmTC_3691b/fast] Error 2
make[1]: Leaving directory '/home/trymte/Desktop/thecolavrepo/psbmpc_cxx/release/CMakeFiles/CMakeTmp'


Source file was:
#include <pthread.h>

static void* test_func(void* data)
{
  return data;
}

int main(void)
{
  pthread_t thread;
  pthread_create(&thread, NULL, test_func, NULL);
  pthread_detach(thread);
  pthread_cancel(thread);
  pthread_join(thread, NULL);
  pthread_atfork(NULL, NULL, NULL);
  pthread_exit(NULL);

  return 0;
}

Determining if the function pthread_create exists in the pthreads failed with the following output:
Change Dir: /home/trymte/Desktop/thecolavrepo/psbmpc_cxx/release/CMakeFiles/CMakeTmp

Run Build Command(s):/usr/bin/make cmTC_c8cc0/fast && make[1]: Entering directory '/home/trymte/Desktop/thecolavrepo/psbmpc_cxx/release/CMakeFiles/CMakeTmp'
/usr/bin/make  -f CMakeFiles/cmTC_c8cc0.dir/build.make CMakeFiles/cmTC_c8cc0.dir/build
make[2]: Entering directory '/home/trymte/Desktop/thecolavrepo/psbmpc_cxx/release/CMakeFiles/CMakeTmp'
Building CXX object CMakeFiles/cmTC_c8cc0.dir/CheckFunctionExists.cxx.o
/usr/bin/c++   -DCHECK_FUNCTION_EXISTS=pthread_create -o CMakeFiles/cmTC_c8cc0.dir/CheckFunctionExists.cxx.o -c /home/trymte/Desktop/thecolavrepo/psbmpc_cxx/release/CMakeFiles/CheckLibraryExists/CheckFunctionExists.cxx
Linking CXX executable cmTC_c8cc0
/usr/local/bin/cmake -E cmake_link_script CMakeFiles/cmTC_c8cc0.dir/link.txt --verbose=1
/usr/bin/c++  -DCHECK_FUNCTION_EXISTS=pthread_create CMakeFiles/cmTC_c8cc0.dir/CheckFunctionExists.cxx.o -o cmTC_c8cc0  -lpthreads 
/usr/bin/ld: error: cannot find -lpthreads
CMakeFiles/cmTC_c8cc0.dir/CheckFunctionExists.cxx.o:CheckFunctionExists.cxx:function main: error: undefined reference to 'pthread_create'
collect2: error: ld returned 1 exit status
CMakeFiles/cmTC_c8cc0.dir/build.make:105: recipe for target 'cmTC_c8cc0' failed
make[2]: *** [cmTC_c8cc0] Error 1
make[2]: Leaving directory '/home/trymte/Desktop/thecolavrepo/psbmpc_cxx/release/CMakeFiles/CMakeTmp'
Makefile:140: recipe for target 'cmTC_c8cc0/fast' failed
make[1]: *** [cmTC_c8cc0/fast] Error 2
make[1]: Leaving directory '/home/trymte/Desktop/thecolavrepo/psbmpc_cxx/release/CMakeFiles/CMakeTmp'



