[0.212s] DEBUG:colcon:Command line arguments: ['/usr/bin/colcon', 'build', '--packages-select', 'ros1_bridge', '--cmake-force-configure']
[0.212s] DEBUG:colcon:Parsed command line arguments: Namespace(ament_cmake_args=None, base_paths=['.'], build_base='build', catkin_cmake_args=None, catkin_skip_building_tests=False, cmake_args=None, cmake_clean_cache=False, cmake_clean_first=False, cmake_force_configure=True, cmake_target=None, cmake_target_skip_unavailable=False, continue_on_error=False, event_handlers=None, executor='parallel', ignore_user_meta=False, install_base='install', log_base=None, log_level=None, main=<bound method BuildVerb.main of <colcon_core.verb.build.BuildVerb object at 0x7f47a9991130>>, merge_install=False, metas=['./colcon.meta'], packages_above=None, packages_above_and_dependencies=None, packages_above_depth=None, packages_end=None, packages_ignore=None, packages_ignore_regex=None, packages_select=['ros1_bridge'], packages_select_build_failed=False, packages_select_by_dep=None, packages_select_regex=None, packages_select_test_failures=False, packages_skip=None, packages_skip_build_finished=False, packages_skip_by_dep=None, packages_skip_regex=None, packages_skip_test_passed=False, packages_skip_up_to=None, packages_start=None, packages_up_to=None, packages_up_to_regex=None, parallel_workers=20, paths=None, symlink_install=False, test_result_base=None, verb_extension=<colcon_core.verb.build.BuildVerb object at 0x7f47a9991130>, verb_name='build', verb_parser=<colcon_defaults.argument_parser.defaults.DefaultArgumentsDecorator object at 0x7f47a9991670>)
[0.215s] Level 1:colcon.colcon_core.package_discovery:discover_packages(colcon_meta) check parameters
[0.215s] Level 1:colcon.colcon_core.package_discovery:discover_packages(recursive) check parameters
[0.215s] Level 1:colcon.colcon_core.package_discovery:discover_packages(ignore) check parameters
[0.215s] Level 1:colcon.colcon_core.package_discovery:discover_packages(path) check parameters
[0.215s] Level 1:colcon.colcon_core.package_discovery:discover_packages(colcon_meta) discover
[0.215s] Level 1:colcon.colcon_core.package_discovery:discover_packages(recursive) discover
[0.215s] INFO:colcon.colcon_core.package_discovery:Crawling recursively for packages in '/home/trymte/Desktop/copyyy/thecolavrepo/bridge_ws/src'
[0.215s] Level 1:colcon.colcon_core.package_identification:_identify(.) by extensions ['ignore', 'ignore_ament_install']
[0.216s] Level 1:colcon.colcon_core.package_identification:_identify(.) by extension 'ignore'
[0.216s] Level 1:colcon.colcon_core.package_identification:_identify(.) by extension 'ignore_ament_install'
[0.216s] Level 1:colcon.colcon_core.package_identification:_identify(.) by extensions ['colcon_pkg']
[0.216s] Level 1:colcon.colcon_core.package_identification:_identify(.) by extension 'colcon_pkg'
[0.216s] Level 1:colcon.colcon_core.package_identification:_identify(.) by extensions ['colcon_meta']
[0.216s] Level 1:colcon.colcon_core.package_identification:_identify(.) by extension 'colcon_meta'
[0.216s] Level 1:colcon.colcon_core.package_identification:_identify(.) by extensions ['ros']
[0.216s] Level 1:colcon.colcon_core.package_identification:_identify(.) by extension 'ros'
[0.223s] Level 1:colcon.colcon_core.package_identification:_identify(.) by extensions ['cmake', 'python']
[0.223s] Level 1:colcon.colcon_core.package_identification:_identify(.) by extension 'cmake'
[0.223s] Level 1:colcon.colcon_core.package_identification:_identify(.) by extension 'python'
[0.223s] Level 1:colcon.colcon_core.package_identification:_identify(.) by extensions ['python_setup_py']
[0.223s] Level 1:colcon.colcon_core.package_identification:_identify(.) by extension 'python_setup_py'
[0.223s] Level 1:colcon.colcon_core.package_identification:_identify(build) by extensions ['ignore', 'ignore_ament_install']
[0.223s] Level 1:colcon.colcon_core.package_identification:_identify(build) by extension 'ignore'
[0.223s] Level 1:colcon.colcon_core.package_identification:_identify(build) ignored
[0.223s] Level 1:colcon.colcon_core.package_identification:_identify(install) by extensions ['ignore', 'ignore_ament_install']
[0.224s] Level 1:colcon.colcon_core.package_identification:_identify(install) by extension 'ignore'
[0.224s] Level 1:colcon.colcon_core.package_identification:_identify(install) ignored
[0.224s] Level 1:colcon.colcon_core.package_identification:_identify(log) by extensions ['ignore', 'ignore_ament_install']
[0.224s] Level 1:colcon.colcon_core.package_identification:_identify(log) by extension 'ignore'
[0.224s] Level 1:colcon.colcon_core.package_identification:_identify(log) ignored
[0.224s] Level 1:colcon.colcon_core.package_identification:_identify(ros1_bridge) by extensions ['ignore', 'ignore_ament_install']
[0.224s] Level 1:colcon.colcon_core.package_identification:_identify(ros1_bridge) by extension 'ignore'
[0.224s] Level 1:colcon.colcon_core.package_identification:_identify(ros1_bridge) by extension 'ignore_ament_install'
[0.224s] Level 1:colcon.colcon_core.package_identification:_identify(ros1_bridge) by extensions ['colcon_pkg']
[0.224s] Level 1:colcon.colcon_core.package_identification:_identify(ros1_bridge) by extension 'colcon_pkg'
[0.224s] Level 1:colcon.colcon_core.package_identification:_identify(ros1_bridge) by extensions ['colcon_meta']
[0.224s] Level 1:colcon.colcon_core.package_identification:_identify(ros1_bridge) by extension 'colcon_meta'
[0.224s] Level 1:colcon.colcon_core.package_identification:_identify(ros1_bridge) by extensions ['ros']
[0.224s] Level 1:colcon.colcon_core.package_identification:_identify(ros1_bridge) by extension 'ros'
[0.225s] DEBUG:colcon.colcon_core.package_identification:Package 'ros1_bridge' with type 'ros.ament_cmake' and name 'ros1_bridge'
[0.225s] Level 1:colcon.colcon_core.package_discovery:discover_packages(recursive) using defaults
[0.225s] Level 1:colcon.colcon_core.package_discovery:discover_packages(ignore) discover
[0.225s] Level 1:colcon.colcon_core.package_discovery:discover_packages(ignore) using defaults
[0.225s] Level 1:colcon.colcon_core.package_discovery:discover_packages(path) discover
[0.226s] Level 1:colcon.colcon_core.package_discovery:discover_packages(path) using defaults
[0.238s] Level 5:colcon.colcon_core.verb:set package 'ros1_bridge' build argument 'cmake_args' from command line to 'None'
[0.238s] Level 5:colcon.colcon_core.verb:set package 'ros1_bridge' build argument 'cmake_target' from command line to 'None'
[0.238s] Level 5:colcon.colcon_core.verb:set package 'ros1_bridge' build argument 'cmake_target_skip_unavailable' from command line to 'False'
[0.238s] Level 5:colcon.colcon_core.verb:set package 'ros1_bridge' build argument 'cmake_clean_cache' from command line to 'False'
[0.238s] Level 5:colcon.colcon_core.verb:set package 'ros1_bridge' build argument 'cmake_clean_first' from command line to 'False'
[0.238s] Level 5:colcon.colcon_core.verb:set package 'ros1_bridge' build argument 'cmake_force_configure' from command line to 'True'
[0.238s] Level 5:colcon.colcon_core.verb:set package 'ros1_bridge' build argument 'ament_cmake_args' from command line to 'None'
[0.238s] Level 5:colcon.colcon_core.verb:set package 'ros1_bridge' build argument 'catkin_cmake_args' from command line to 'None'
[0.238s] Level 5:colcon.colcon_core.verb:set package 'ros1_bridge' build argument 'catkin_skip_building_tests' from command line to 'False'
[0.238s] DEBUG:colcon.colcon_core.verb:Building package 'ros1_bridge' with the following arguments: {'ament_cmake_args': None, 'build_base': '/home/trymte/Desktop/copyyy/thecolavrepo/bridge_ws/src/build/ros1_bridge', 'catkin_cmake_args': None, 'catkin_skip_building_tests': False, 'cmake_args': None, 'cmake_clean_cache': False, 'cmake_clean_first': False, 'cmake_force_configure': True, 'cmake_target': None, 'cmake_target_skip_unavailable': False, 'install_base': '/home/trymte/Desktop/copyyy/thecolavrepo/bridge_ws/src/install/ros1_bridge', 'merge_install': False, 'path': '/home/trymte/Desktop/copyyy/thecolavrepo/bridge_ws/src/ros1_bridge', 'symlink_install': False, 'test_result_base': None}
[0.238s] INFO:colcon.colcon_core.executor:Executing jobs using 'parallel' executor
[0.239s] DEBUG:colcon.colcon_parallel_executor.executor.parallel:run_until_complete
[0.239s] INFO:colcon.colcon_ros.task.ament_cmake.build:Building ROS package in '/home/trymte/Desktop/copyyy/thecolavrepo/bridge_ws/src/ros1_bridge' with build type 'ament_cmake'
[0.239s] INFO:colcon.colcon_cmake.task.cmake.build:Building CMake package in '/home/trymte/Desktop/copyyy/thecolavrepo/bridge_ws/src/ros1_bridge'
[0.242s] INFO:colcon.colcon_core.plugin_system:Skipping extension 'colcon_core.shell.bat': Not used on non-Windows systems
[0.242s] INFO:colcon.colcon_core.shell:Skip shell extension 'powershell' for command environment: Not usable outside of PowerShell
[0.242s] DEBUG:colcon.colcon_core.shell:Skip shell extension 'dsv' for command environment
[0.243s] DEBUG:colcon.colcon_core.shell:Ignoring prefix path '/opt/ros/foxy'
[0.243s] DEBUG:colcon.colcon_core.shell:Ignoring prefix path '/opt/ros/noetic'
[0.248s] DEBUG:colcon.colcon_core.event_handler.log_command:Invoking command in '/home/trymte/Desktop/copyyy/thecolavrepo/bridge_ws/src/build/ros1_bridge': CMAKE_PREFIX_PATH=/opt/ros/foxy:${CMAKE_PREFIX_PATH} /usr/local/bin/cmake /home/trymte/Desktop/copyyy/thecolavrepo/bridge_ws/src/ros1_bridge -DCMAKE_INSTALL_PREFIX=/home/trymte/Desktop/copyyy/thecolavrepo/bridge_ws/src/install/ros1_bridge
[0.631s] DEBUG:colcon.colcon_core.event_handler.log_command:Invoked command in '/home/trymte/Desktop/copyyy/thecolavrepo/bridge_ws/src/build/ros1_bridge' returned '0': CMAKE_PREFIX_PATH=/opt/ros/foxy:${CMAKE_PREFIX_PATH} /usr/local/bin/cmake /home/trymte/Desktop/copyyy/thecolavrepo/bridge_ws/src/ros1_bridge -DCMAKE_INSTALL_PREFIX=/home/trymte/Desktop/copyyy/thecolavrepo/bridge_ws/src/install/ros1_bridge
[0.632s] DEBUG:colcon.colcon_core.event_handler.log_command:Invoking command in '/home/trymte/Desktop/copyyy/thecolavrepo/bridge_ws/src/build/ros1_bridge': CMAKE_PREFIX_PATH=/opt/ros/foxy:${CMAKE_PREFIX_PATH} /usr/local/bin/cmake --build /home/trymte/Desktop/copyyy/thecolavrepo/bridge_ws/src/build/ros1_bridge -- -j20 -l20
[0.641s] DEBUG:colcon.colcon_core.event_handler.log_command:Invoked command in '/home/trymte/Desktop/copyyy/thecolavrepo/bridge_ws/src/build/ros1_bridge' returned '0': CMAKE_PREFIX_PATH=/opt/ros/foxy:${CMAKE_PREFIX_PATH} /usr/local/bin/cmake --build /home/trymte/Desktop/copyyy/thecolavrepo/bridge_ws/src/build/ros1_bridge -- -j20 -l20
[0.651s] DEBUG:colcon.colcon_core.event_handler.log_command:Invoking command in '/home/trymte/Desktop/copyyy/thecolavrepo/bridge_ws/src/build/ros1_bridge': CMAKE_PREFIX_PATH=/opt/ros/foxy:${CMAKE_PREFIX_PATH} /usr/local/bin/cmake --install /home/trymte/Desktop/copyyy/thecolavrepo/bridge_ws/src/build/ros1_bridge
[0.654s] Level 1:colcon.colcon_core.environment:create_environment_scripts_only(ros1_bridge)
[0.654s] DEBUG:colcon.colcon_core.event_handler.log_command:Invoked command in '/home/trymte/Desktop/copyyy/thecolavrepo/bridge_ws/src/build/ros1_bridge' returned '0': CMAKE_PREFIX_PATH=/opt/ros/foxy:${CMAKE_PREFIX_PATH} /usr/local/bin/cmake --install /home/trymte/Desktop/copyyy/thecolavrepo/bridge_ws/src/build/ros1_bridge
[0.656s] Level 1:colcon.colcon_core.environment:checking '/home/trymte/Desktop/copyyy/thecolavrepo/bridge_ws/src/install/ros1_bridge' for CMake module files
[0.656s] Level 1:colcon.colcon_core.environment:checking '/home/trymte/Desktop/copyyy/thecolavrepo/bridge_ws/src/install/ros1_bridge' for CMake config files
[0.657s] Level 1:colcon.colcon_core.shell:create_environment_hook('ros1_bridge', 'cmake_prefix_path')
[0.657s] INFO:colcon.colcon_core.shell:Creating environment hook '/home/trymte/Desktop/copyyy/thecolavrepo/bridge_ws/src/install/ros1_bridge/share/ros1_bridge/hook/cmake_prefix_path.ps1'
[0.657s] INFO:colcon.colcon_core.shell:Creating environment descriptor '/home/trymte/Desktop/copyyy/thecolavrepo/bridge_ws/src/install/ros1_bridge/share/ros1_bridge/hook/cmake_prefix_path.dsv'
[0.658s] INFO:colcon.colcon_core.shell:Creating environment hook '/home/trymte/Desktop/copyyy/thecolavrepo/bridge_ws/src/install/ros1_bridge/share/ros1_bridge/hook/cmake_prefix_path.sh'
[0.659s] Level 1:colcon.colcon_core.environment:checking '/home/trymte/Desktop/copyyy/thecolavrepo/bridge_ws/src/install/ros1_bridge/bin'
[0.659s] Level 1:colcon.colcon_core.environment:checking '/home/trymte/Desktop/copyyy/thecolavrepo/bridge_ws/src/install/ros1_bridge/lib/pkgconfig/ros1_bridge.pc'
[0.659s] Level 1:colcon.colcon_core.environment:checking '/home/trymte/Desktop/copyyy/thecolavrepo/bridge_ws/src/install/ros1_bridge/lib/python3.8/site-packages'
[0.659s] INFO:colcon.colcon_core.shell:Creating package script '/home/trymte/Desktop/copyyy/thecolavrepo/bridge_ws/src/install/ros1_bridge/share/ros1_bridge/package.ps1'
[0.660s] INFO:colcon.colcon_core.shell:Creating package descriptor '/home/trymte/Desktop/copyyy/thecolavrepo/bridge_ws/src/install/ros1_bridge/share/ros1_bridge/package.dsv'
[0.660s] INFO:colcon.colcon_core.shell:Creating package script '/home/trymte/Desktop/copyyy/thecolavrepo/bridge_ws/src/install/ros1_bridge/share/ros1_bridge/package.sh'
[0.661s] INFO:colcon.colcon_core.shell:Creating package script '/home/trymte/Desktop/copyyy/thecolavrepo/bridge_ws/src/install/ros1_bridge/share/ros1_bridge/package.bash'
[0.661s] INFO:colcon.colcon_core.shell:Creating package script '/home/trymte/Desktop/copyyy/thecolavrepo/bridge_ws/src/install/ros1_bridge/share/ros1_bridge/package.zsh'
[0.661s] Level 1:colcon.colcon_core.environment:create_file_with_runtime_dependencies(/home/trymte/Desktop/copyyy/thecolavrepo/bridge_ws/src/install/ros1_bridge/share/colcon-core/packages/ros1_bridge)
[0.670s] Level 1:colcon.colcon_core.environment:create_environment_scripts_only(ros1_bridge)
[0.670s] Level 1:colcon.colcon_core.environment:checking '/home/trymte/Desktop/copyyy/thecolavrepo/bridge_ws/src/install/ros1_bridge' for CMake module files
[0.670s] Level 1:colcon.colcon_core.environment:checking '/home/trymte/Desktop/copyyy/thecolavrepo/bridge_ws/src/install/ros1_bridge' for CMake config files
[0.671s] Level 1:colcon.colcon_core.shell:create_environment_hook('ros1_bridge', 'cmake_prefix_path')
[0.671s] INFO:colcon.colcon_core.shell:Creating environment hook '/home/trymte/Desktop/copyyy/thecolavrepo/bridge_ws/src/install/ros1_bridge/share/ros1_bridge/hook/cmake_prefix_path.ps1'
[0.671s] INFO:colcon.colcon_core.shell:Creating environment descriptor '/home/trymte/Desktop/copyyy/thecolavrepo/bridge_ws/src/install/ros1_bridge/share/ros1_bridge/hook/cmake_prefix_path.dsv'
[0.671s] INFO:colcon.colcon_core.shell:Creating environment hook '/home/trymte/Desktop/copyyy/thecolavrepo/bridge_ws/src/install/ros1_bridge/share/ros1_bridge/hook/cmake_prefix_path.sh'
[0.672s] Level 1:colcon.colcon_core.environment:checking '/home/trymte/Desktop/copyyy/thecolavrepo/bridge_ws/src/install/ros1_bridge/bin'
[0.672s] Level 1:colcon.colcon_core.environment:checking '/home/trymte/Desktop/copyyy/thecolavrepo/bridge_ws/src/install/ros1_bridge/lib/pkgconfig/ros1_bridge.pc'
[0.672s] Level 1:colcon.colcon_core.environment:checking '/home/trymte/Desktop/copyyy/thecolavrepo/bridge_ws/src/install/ros1_bridge/lib/python3.8/site-packages'
[0.672s] INFO:colcon.colcon_core.shell:Creating package script '/home/trymte/Desktop/copyyy/thecolavrepo/bridge_ws/src/install/ros1_bridge/share/ros1_bridge/package.ps1'
[0.673s] INFO:colcon.colcon_core.shell:Creating package descriptor '/home/trymte/Desktop/copyyy/thecolavrepo/bridge_ws/src/install/ros1_bridge/share/ros1_bridge/package.dsv'
[0.673s] INFO:colcon.colcon_core.shell:Creating package script '/home/trymte/Desktop/copyyy/thecolavrepo/bridge_ws/src/install/ros1_bridge/share/ros1_bridge/package.sh'
[0.673s] INFO:colcon.colcon_core.shell:Creating package script '/home/trymte/Desktop/copyyy/thecolavrepo/bridge_ws/src/install/ros1_bridge/share/ros1_bridge/package.bash'
[0.673s] INFO:colcon.colcon_core.shell:Creating package script '/home/trymte/Desktop/copyyy/thecolavrepo/bridge_ws/src/install/ros1_bridge/share/ros1_bridge/package.zsh'
[0.674s] Level 1:colcon.colcon_core.environment:create_file_with_runtime_dependencies(/home/trymte/Desktop/copyyy/thecolavrepo/bridge_ws/src/install/ros1_bridge/share/colcon-core/packages/ros1_bridge)
[0.674s] DEBUG:colcon.colcon_parallel_executor.executor.parallel:closing loop
[0.674s] DEBUG:colcon.colcon_parallel_executor.executor.parallel:loop closed
[0.674s] DEBUG:colcon.colcon_parallel_executor.executor.parallel:run_until_complete finished with '0'
[0.674s] DEBUG:colcon.colcon_core.event_reactor:joining thread
[0.678s] INFO:colcon.colcon_core.plugin_system:Skipping extension 'colcon_notification.desktop_notification.terminal_notifier': Not used on non-Darwin systems
[0.678s] INFO:colcon.colcon_core.plugin_system:Skipping extension 'colcon_notification.desktop_notification.win32': Not used on non-Windows systems
[0.678s] INFO:colcon.colcon_notification.desktop_notification:Sending desktop notification using 'notify2'
[0.687s] DEBUG:colcon.colcon_core.event_reactor:joined thread
[0.687s] INFO:colcon.colcon_core.shell:Creating prefix script '/home/trymte/Desktop/copyyy/thecolavrepo/bridge_ws/src/install/local_setup.ps1'
[0.688s] INFO:colcon.colcon_core.shell:Creating prefix util module '/home/trymte/Desktop/copyyy/thecolavrepo/bridge_ws/src/install/_local_setup_util_ps1.py'
[0.688s] INFO:colcon.colcon_core.shell:Creating prefix chain script '/home/trymte/Desktop/copyyy/thecolavrepo/bridge_ws/src/install/setup.ps1'
[0.689s] INFO:colcon.colcon_core.shell:Creating prefix script '/home/trymte/Desktop/copyyy/thecolavrepo/bridge_ws/src/install/local_setup.sh'
[0.690s] INFO:colcon.colcon_core.shell:Creating prefix util module '/home/trymte/Desktop/copyyy/thecolavrepo/bridge_ws/src/install/_local_setup_util_sh.py'
[0.690s] INFO:colcon.colcon_core.shell:Creating prefix chain script '/home/trymte/Desktop/copyyy/thecolavrepo/bridge_ws/src/install/setup.sh'
[0.691s] INFO:colcon.colcon_core.shell:Creating prefix script '/home/trymte/Desktop/copyyy/thecolavrepo/bridge_ws/src/install/local_setup.bash'
[0.692s] INFO:colcon.colcon_core.shell:Creating prefix chain script '/home/trymte/Desktop/copyyy/thecolavrepo/bridge_ws/src/install/setup.bash'
[0.694s] INFO:colcon.colcon_core.shell:Creating prefix script '/home/trymte/Desktop/copyyy/thecolavrepo/bridge_ws/src/install/local_setup.zsh'
[0.694s] INFO:colcon.colcon_core.shell:Creating prefix chain script '/home/trymte/Desktop/copyyy/thecolavrepo/bridge_ws/src/install/setup.zsh'
