-- The C compiler identification is GNU 9.3.0
-- The CXX compiler identification is GNU 9.3.0
-- Detecting C compiler ABI info
-- Detecting C compiler ABI info - done
-- Check for working C compiler: /usr/bin/cc - skipped
-- Detecting C compile features
-- Detecting C compile features - done
-- Detecting CXX compiler ABI info
-- Detecting CXX compiler ABI info - done
-- Check for working CXX compiler: /usr/bin/c++ - skipped
-- Detecting CXX compile features
-- Detecting CXX compile features - done
-- Found ament_cmake: 0.9.8 (/opt/ros/foxy/share/ament_cmake/cmake)
-- Found PythonInterp: /usr/bin/python3 (found suitable version "3.8.10", minimum required is "3") 
-- Using PYTHON_EXECUTABLE: /usr/bin/python3
-- Found ament_lint_auto: 0.9.6 (/opt/ros/foxy/share/ament_lint_auto/cmake)
-- Added test 'copyright' to check source files copyright and LICENSE
-- Added test 'lint_cmake' to check CMake code style
-- Added test 'xmllint' to check XML markup files
-- Configuring done
-- Generating done
-- Build files have been written to: /home/trymte/Desktop/copyyy/thecolavrepo/bridge_ws/src/build/ros1_bridge
-- Install configuration: ""
-- Installing: /home/trymte/Desktop/copyyy/thecolavrepo/bridge_ws/src/install/ros1_bridge/share/ament_index/resource_index/package_run_dependencies/ros1_bridge
-- Installing: /home/trymte/Desktop/copyyy/thecolavrepo/bridge_ws/src/install/ros1_bridge/share/ament_index/resource_index/parent_prefix_path/ros1_bridge
-- Installing: /home/trymte/Desktop/copyyy/thecolavrepo/bridge_ws/src/install/ros1_bridge/share/ros1_bridge/environment/ament_prefix_path.sh
-- Installing: /home/trymte/Desktop/copyyy/thecolavrepo/bridge_ws/src/install/ros1_bridge/share/ros1_bridge/environment/ament_prefix_path.dsv
-- Installing: /home/trymte/Desktop/copyyy/thecolavrepo/bridge_ws/src/install/ros1_bridge/share/ros1_bridge/environment/path.sh
-- Installing: /home/trymte/Desktop/copyyy/thecolavrepo/bridge_ws/src/install/ros1_bridge/share/ros1_bridge/environment/path.dsv
-- Installing: /home/trymte/Desktop/copyyy/thecolavrepo/bridge_ws/src/install/ros1_bridge/share/ros1_bridge/local_setup.bash
-- Installing: /home/trymte/Desktop/copyyy/thecolavrepo/bridge_ws/src/install/ros1_bridge/share/ros1_bridge/local_setup.sh
-- Installing: /home/trymte/Desktop/copyyy/thecolavrepo/bridge_ws/src/install/ros1_bridge/share/ros1_bridge/local_setup.zsh
-- Installing: /home/trymte/Desktop/copyyy/thecolavrepo/bridge_ws/src/install/ros1_bridge/share/ros1_bridge/local_setup.dsv
-- Installing: /home/trymte/Desktop/copyyy/thecolavrepo/bridge_ws/src/install/ros1_bridge/share/ros1_bridge/package.dsv
-- Installing: /home/trymte/Desktop/copyyy/thecolavrepo/bridge_ws/src/install/ros1_bridge/share/ament_index/resource_index/packages/ros1_bridge
-- Installing: /home/trymte/Desktop/copyyy/thecolavrepo/bridge_ws/src/install/ros1_bridge/share/ros1_bridge/cmake/ros1_bridgeConfig.cmake
-- Installing: /home/trymte/Desktop/copyyy/thecolavrepo/bridge_ws/src/install/ros1_bridge/share/ros1_bridge/cmake/ros1_bridgeConfig-version.cmake
-- Installing: /home/trymte/Desktop/copyyy/thecolavrepo/bridge_ws/src/install/ros1_bridge/share/ros1_bridge/package.xml
