[0.008s] Invoking command in '/home/trymte/Desktop/copyyy/thecolavrepo/bridge_ws/src/build/ros1_bridge': CMAKE_PREFIX_PATH=/opt/ros/foxy:${CMAKE_PREFIX_PATH} /usr/local/bin/cmake /home/trymte/Desktop/copyyy/thecolavrepo/bridge_ws/src/ros1_bridge -DCMAKE_INSTALL_PREFIX=/home/trymte/Desktop/copyyy/thecolavrepo/bridge_ws/src/install/ros1_bridge
[0.044s] -- The C compiler identification is GNU 9.3.0
[0.075s] -- The CXX compiler identification is GNU 9.3.0
[0.079s] -- Detecting C compiler ABI info
[0.110s] -- Detecting C compiler ABI info - done
[0.115s] -- Check for working C compiler: /usr/bin/cc - skipped
[0.115s] -- Detecting C compile features
[0.116s] -- Detecting C compile features - done
[0.117s] -- Detecting CXX compiler ABI info
[0.153s] -- Detecting CXX compiler ABI info - done
[0.158s] -- Check for working CXX compiler: /usr/bin/c++ - skipped
[0.158s] -- Detecting CXX compile features
[0.158s] -- Detecting CXX compile features - done
[0.178s] -- Found ament_cmake: 0.9.8 (/opt/ros/foxy/share/ament_cmake/cmake)
[0.193s] -- Found PythonInterp: /usr/bin/python3 (found suitable version "3.8.10", minimum required is "3") 
[0.193s] -- Using PYTHON_EXECUTABLE: /usr/bin/python3
[0.341s] -- Found ament_lint_auto: 0.9.6 (/opt/ros/foxy/share/ament_lint_auto/cmake)
[0.384s] -- Added test 'copyright' to check source files copyright and LICENSE
[0.385s] -- Added test 'lint_cmake' to check CMake code style
[0.385s] -- Added test 'xmllint' to check XML markup files
[0.386s] -- Configuring done
[0.387s] -- Generating done
[0.388s] -- Build files have been written to: /home/trymte/Desktop/copyyy/thecolavrepo/bridge_ws/src/build/ros1_bridge
[0.390s] Invoked command in '/home/trymte/Desktop/copyyy/thecolavrepo/bridge_ws/src/build/ros1_bridge' returned '0': CMAKE_PREFIX_PATH=/opt/ros/foxy:${CMAKE_PREFIX_PATH} /usr/local/bin/cmake /home/trymte/Desktop/copyyy/thecolavrepo/bridge_ws/src/ros1_bridge -DCMAKE_INSTALL_PREFIX=/home/trymte/Desktop/copyyy/thecolavrepo/bridge_ws/src/install/ros1_bridge
[0.392s] Invoking command in '/home/trymte/Desktop/copyyy/thecolavrepo/bridge_ws/src/build/ros1_bridge': CMAKE_PREFIX_PATH=/opt/ros/foxy:${CMAKE_PREFIX_PATH} /usr/local/bin/cmake --build /home/trymte/Desktop/copyyy/thecolavrepo/bridge_ws/src/build/ros1_bridge -- -j20 -l20
[0.401s] Invoked command in '/home/trymte/Desktop/copyyy/thecolavrepo/bridge_ws/src/build/ros1_bridge' returned '0': CMAKE_PREFIX_PATH=/opt/ros/foxy:${CMAKE_PREFIX_PATH} /usr/local/bin/cmake --build /home/trymte/Desktop/copyyy/thecolavrepo/bridge_ws/src/build/ros1_bridge -- -j20 -l20
[0.411s] Invoking command in '/home/trymte/Desktop/copyyy/thecolavrepo/bridge_ws/src/build/ros1_bridge': CMAKE_PREFIX_PATH=/opt/ros/foxy:${CMAKE_PREFIX_PATH} /usr/local/bin/cmake --install /home/trymte/Desktop/copyyy/thecolavrepo/bridge_ws/src/build/ros1_bridge
[0.413s] -- Install configuration: ""
[0.413s] -- Installing: /home/trymte/Desktop/copyyy/thecolavrepo/bridge_ws/src/install/ros1_bridge/share/ament_index/resource_index/package_run_dependencies/ros1_bridge
[0.413s] -- Installing: /home/trymte/Desktop/copyyy/thecolavrepo/bridge_ws/src/install/ros1_bridge/share/ament_index/resource_index/parent_prefix_path/ros1_bridge
[0.413s] -- Installing: /home/trymte/Desktop/copyyy/thecolavrepo/bridge_ws/src/install/ros1_bridge/share/ros1_bridge/environment/ament_prefix_path.sh
[0.413s] -- Installing: /home/trymte/Desktop/copyyy/thecolavrepo/bridge_ws/src/install/ros1_bridge/share/ros1_bridge/environment/ament_prefix_path.dsv
[0.413s] -- Installing: /home/trymte/Desktop/copyyy/thecolavrepo/bridge_ws/src/install/ros1_bridge/share/ros1_bridge/environment/path.sh
[0.413s] -- Installing: /home/trymte/Desktop/copyyy/thecolavrepo/bridge_ws/src/install/ros1_bridge/share/ros1_bridge/environment/path.dsv
[0.413s] -- Installing: /home/trymte/Desktop/copyyy/thecolavrepo/bridge_ws/src/install/ros1_bridge/share/ros1_bridge/local_setup.bash
[0.413s] -- Installing: /home/trymte/Desktop/copyyy/thecolavrepo/bridge_ws/src/install/ros1_bridge/share/ros1_bridge/local_setup.sh
[0.413s] -- Installing: /home/trymte/Desktop/copyyy/thecolavrepo/bridge_ws/src/install/ros1_bridge/share/ros1_bridge/local_setup.zsh
[0.413s] -- Installing: /home/trymte/Desktop/copyyy/thecolavrepo/bridge_ws/src/install/ros1_bridge/share/ros1_bridge/local_setup.dsv
[0.414s] -- Installing: /home/trymte/Desktop/copyyy/thecolavrepo/bridge_ws/src/install/ros1_bridge/share/ros1_bridge/package.dsv
[0.414s] -- Installing: /home/trymte/Desktop/copyyy/thecolavrepo/bridge_ws/src/install/ros1_bridge/share/ament_index/resource_index/packages/ros1_bridge
[0.414s] -- Installing: /home/trymte/Desktop/copyyy/thecolavrepo/bridge_ws/src/install/ros1_bridge/share/ros1_bridge/cmake/ros1_bridgeConfig.cmake
[0.414s] -- Installing: /home/trymte/Desktop/copyyy/thecolavrepo/bridge_ws/src/install/ros1_bridge/share/ros1_bridge/cmake/ros1_bridgeConfig-version.cmake
[0.414s] -- Installing: /home/trymte/Desktop/copyyy/thecolavrepo/bridge_ws/src/install/ros1_bridge/share/ros1_bridge/package.xml
[0.415s] Invoked command in '/home/trymte/Desktop/copyyy/thecolavrepo/bridge_ws/src/build/ros1_bridge' returned '0': CMAKE_PREFIX_PATH=/opt/ros/foxy:${CMAKE_PREFIX_PATH} /usr/local/bin/cmake --install /home/trymte/Desktop/copyyy/thecolavrepo/bridge_ws/src/build/ros1_bridge
