Performing C++ SOURCE FILE Test CMAKE_HAVE_LIBC_PTHREAD failed with the following output:
Change Dir: /home/trymte/Desktop/thecolavrepo/psbmpc_cxx/debug/CMakeFiles/CMakeTmp

Run Build Command(s):/usr/bin/make cmTC_2cda9/fast && /usr/bin/make  -f CMakeFiles/cmTC_2cda9.dir/build.make CMakeFiles/cmTC_2cda9.dir/build
make[1]: Entering directory '/home/trymte/Desktop/thecolavrepo/psbmpc_cxx/debug/CMakeFiles/CMakeTmp'
Building CXX object CMakeFiles/cmTC_2cda9.dir/src.cxx.o
/usr/bin/c++ -DCMAKE_HAVE_LIBC_PTHREAD   -o CMakeFiles/cmTC_2cda9.dir/src.cxx.o -c /home/trymte/Desktop/thecolavrepo/psbmpc_cxx/debug/CMakeFiles/CMakeTmp/src.cxx
Linking CXX executable cmTC_2cda9
/usr/local/bin/cmake -E cmake_link_script CMakeFiles/cmTC_2cda9.dir/link.txt --verbose=1
/usr/bin/c++ CMakeFiles/cmTC_2cda9.dir/src.cxx.o -o cmTC_2cda9 
CMakeFiles/cmTC_2cda9.dir/src.cxx.o:src.cxx:function main: error: undefined reference to 'pthread_create'
CMakeFiles/cmTC_2cda9.dir/src.cxx.o:src.cxx:function main: error: undefined reference to 'pthread_detach'
CMakeFiles/cmTC_2cda9.dir/src.cxx.o:src.cxx:function main: error: undefined reference to 'pthread_cancel'
CMakeFiles/cmTC_2cda9.dir/src.cxx.o:src.cxx:function main: error: undefined reference to 'pthread_join'
CMakeFiles/cmTC_2cda9.dir/src.cxx.o:src.cxx:function main: error: undefined reference to 'pthread_atfork'
collect2: error: ld returned 1 exit status
CMakeFiles/cmTC_2cda9.dir/build.make:105: recipe for target 'cmTC_2cda9' failed
make[1]: *** [cmTC_2cda9] Error 1
make[1]: Leaving directory '/home/trymte/Desktop/thecolavrepo/psbmpc_cxx/debug/CMakeFiles/CMakeTmp'
Makefile:140: recipe for target 'cmTC_2cda9/fast' failed
make: *** [cmTC_2cda9/fast] Error 2


Source file was:
#include <pthread.h>

static void* test_func(void* data)
{
  return data;
}

int main(void)
{
  pthread_t thread;
  pthread_create(&thread, NULL, test_func, NULL);
  pthread_detach(thread);
  pthread_cancel(thread);
  pthread_join(thread, NULL);
  pthread_atfork(NULL, NULL, NULL);
  pthread_exit(NULL);

  return 0;
}

Determining if the function pthread_create exists in the pthreads failed with the following output:
Change Dir: /home/trymte/Desktop/thecolavrepo/psbmpc_cxx/debug/CMakeFiles/CMakeTmp

Run Build Command(s):/usr/bin/make cmTC_a3b50/fast && /usr/bin/make  -f CMakeFiles/cmTC_a3b50.dir/build.make CMakeFiles/cmTC_a3b50.dir/build
make[1]: Entering directory '/home/trymte/Desktop/thecolavrepo/psbmpc_cxx/debug/CMakeFiles/CMakeTmp'
Building CXX object CMakeFiles/cmTC_a3b50.dir/CheckFunctionExists.cxx.o
/usr/bin/c++   -DCHECK_FUNCTION_EXISTS=pthread_create -o CMakeFiles/cmTC_a3b50.dir/CheckFunctionExists.cxx.o -c /home/trymte/Desktop/thecolavrepo/psbmpc_cxx/debug/CMakeFiles/CheckLibraryExists/CheckFunctionExists.cxx
Linking CXX executable cmTC_a3b50
/usr/local/bin/cmake -E cmake_link_script CMakeFiles/cmTC_a3b50.dir/link.txt --verbose=1
/usr/bin/c++  -DCHECK_FUNCTION_EXISTS=pthread_create CMakeFiles/cmTC_a3b50.dir/CheckFunctionExists.cxx.o -o cmTC_a3b50  -lpthreads 
/usr/bin/ld: error: cannot find -lpthreads
CMakeFiles/cmTC_a3b50.dir/CheckFunctionExists.cxx.o:CheckFunctionExists.cxx:function main: error: undefined reference to 'pthread_create'
collect2: error: ld returned 1 exit status
CMakeFiles/cmTC_a3b50.dir/build.make:105: recipe for target 'cmTC_a3b50' failed
make[1]: *** [cmTC_a3b50] Error 1
make[1]: Leaving directory '/home/trymte/Desktop/thecolavrepo/psbmpc_cxx/debug/CMakeFiles/CMakeTmp'
Makefile:140: recipe for target 'cmTC_a3b50/fast' failed
make: *** [cmTC_a3b50/fast] Error 2



